# JRE version: OpenJDK Runtime Environment Temurin-17.0.10+7 (17.0.10+7) (build 17.0.10+7)
# Java VM: OpenJDK 64-Bit Server VM Temurin-17.0.10+7 (17.0.10+7, mixed mode, tiered, compressed oops, compressed class ptrs, parallel gc, windows-amd64)
GC Precious Log:
 CPUs: 16 total, 16 available
 Memory: 16255M
 Large Page Support: Disabled
 NUMA Support: Disabled
 Compressed Oops: Enabled (32-bit)
 Alignments: Space 512K, Generation 512K, Heap 2M
 Heap Min Capacity: 100M
 Heap Initial Capacity: 100M
 Heap Max Capacity: 1G
 Pre-touch: Disabled
 Parallel Workers: 13
Heap:
 PSYoungGen      total 3584K, used 948K [0x00000000eab00000, 0x00000000eb180000, 0x0000000100000000)
  eden space 2560K, 0% used [0x00000000eab00000,0x00000000eab00000,0x00000000ead80000)
  from space 1024K, 92% used [0x00000000eb080000,0x00000000eb16d200,0x00000000eb180000)
  to   space 2048K, 0% used [0x00000000ead80000,0x00000000ead80000,0x00000000eaf80000)
 ParOldGen       total 181760K, used 180980K [0x00000000c0000000, 0x00000000cb180000, 0x00000000eab00000)
  object space 181760K, 99% used [0x00000000c0000000,0x00000000cb0bd328,0x00000000cb180000)
 Metaspace       used 103943K, committed 105344K, reserved 1179648K
  class space    used 10487K, committed 11072K, reserved 1048576K
GC Heap History (20 events):
Event: 2185.832 GC heap after
{Heap after GC invocations=4820 (full 149):
 PSYoungGen      total 8192K, used 282K [0x00000000eab00000, 0x00000000eb480000, 0x0000000100000000)
  eden space 7680K, 0% used [0x00000000eab00000,0x00000000eab00000,0x00000000eb280000)
  from space 512K, 55% used [0x00000000eb280000,0x00000000eb2c6900,0x00000000eb300000)
  to   space 1024K, 0% used [0x00000000eb380000,0x00000000eb380000,0x00000000eb480000)
 ParOldGen       total 181760K, used 169253K [0x00000000c0000000, 0x00000000cb180000, 0x00000000eab00000)
  object space 181760K, 93% used [0x00000000c0000000,0x00000000ca5496c0,0x00000000cb180000)
 Metaspace       used 103932K, committed 105344K, reserved 1179648K
  class space    used 10485K, committed 11072K, reserved 1048576K
}
Event: 2185.892 GC heap before
{Heap before GC invocations=4821 (full 149):
 PSYoungGen      total 8192K, used 7962K [0x00000000eab00000, 0x00000000eb480000, 0x0000000100000000)
  eden space 7680K, 99% used [0x00000000eab00000,0x00000000eb27ffe0,0x00000000eb280000)
  from space 512K, 55% used [0x00000000eb280000,0x00000000eb2c6900,0x00000000eb300000)
  to   space 1024K, 0% used [0x00000000eb380000,0x00000000eb380000,0x00000000eb480000)
 ParOldGen       total 181760K, used 169253K [0x00000000c0000000, 0x00000000cb180000, 0x00000000eab00000)
  object space 181760K, 93% used [0x00000000c0000000,0x00000000ca5496c0,0x00000000cb180000)
 Metaspace       used 103932K, committed 105344K, reserved 1179648K
  class space    used 10485K, committed 11072K, reserved 1048576K
}
Event: 2185.893 GC heap after
{Heap after GC invocations=4821 (full 149):
 PSYoungGen      total 8192K, used 320K [0x00000000eab00000, 0x00000000eb400000, 0x0000000100000000)
  eden space 7680K, 0% used [0x00000000eab00000,0x00000000eab00000,0x00000000eb280000)
  from space 512K, 62% used [0x00000000eb380000,0x00000000eb3d0000,0x00000000eb400000)
  to   space 512K, 0% used [0x00000000eb280000,0x00000000eb280000,0x00000000eb300000)
 ParOldGen       total 181760K, used 169261K [0x00000000c0000000, 0x00000000cb180000, 0x00000000eab00000)
  object space 181760K, 93% used [0x00000000c0000000,0x00000000ca54b6c0,0x00000000cb180000)
 Metaspace       used 103932K, committed 105344K, reserved 1179648K
  class space    used 10485K, committed 11072K, reserved 1048576K
}
Event: 2187.717 GC heap before
{Heap before GC invocations=4822 (full 149):
 PSYoungGen      total 8192K, used 8000K [0x00000000eab00000, 0x00000000eb400000, 0x0000000100000000)
  eden space 7680K, 100% used [0x00000000eab00000,0x00000000eb280000,0x00000000eb280000)
  from space 512K, 62% used [0x00000000eb380000,0x00000000eb3d0000,0x00000000eb400000)
  to   space 512K, 0% used [0x00000000eb280000,0x00000000eb280000,0x00000000eb300000)
 ParOldGen       total 181760K, used 169261K [0x00000000c0000000, 0x00000000cb180000, 0x00000000eab00000)
  object space 181760K, 93% used [0x00000000c0000000,0x00000000ca54b6c0,0x00000000cb180000)
 Metaspace       used 103933K, committed 105344K, reserved 1179648K
  class space    used 10485K, committed 11072K, reserved 1048576K
}
Event: 2187.718 GC heap after
{Heap after GC invocations=4822 (full 149):
 PSYoungGen      total 8192K, used 500K [0x00000000eab00000, 0x00000000eb480000, 0x0000000100000000)
  eden space 7680K, 0% used [0x00000000eab00000,0x00000000eab00000,0x00000000eb280000)
  from space 512K, 97% used [0x00000000eb280000,0x00000000eb2fd220,0x00000000eb300000)
  to   space 1024K, 0% used [0x00000000eb380000,0x00000000eb380000,0x00000000eb480000)
 ParOldGen       total 181760K, used 169571K [0x00000000c0000000, 0x00000000cb180000, 0x00000000eab00000)
  object space 181760K, 93% used [0x00000000c0000000,0x00000000ca598ee8,0x00000000cb180000)
 Metaspace       used 103933K, committed 105344K, reserved 1179648K
  class space    used 10485K, committed 11072K, reserved 1048576K
}
Event: 2188.148 GC heap before
{Heap before GC invocations=4823 (full 149):
 PSYoungGen      total 8192K, used 8180K [0x00000000eab00000, 0x00000000eb480000, 0x0000000100000000)
  eden space 7680K, 99% used [0x00000000eab00000,0x00000000eb27ffe8,0x00000000eb280000)
  from space 512K, 97% used [0x00000000eb280000,0x00000000eb2fd220,0x00000000eb300000)
  to   space 1024K, 0% used [0x00000000eb380000,0x00000000eb380000,0x00000000eb480000)
 ParOldGen       total 181760K, used 169571K [0x00000000c0000000, 0x00000000cb180000, 0x00000000eab00000)
  object space 181760K, 93% used [0x00000000c0000000,0x00000000ca598ee8,0x00000000cb180000)
 Metaspace       used 103935K, committed 105344K, reserved 1179648K
  class space    used 10485K, committed 11072K, reserved 1048576K
}
Event: 2188.149 GC heap after
{Heap after GC invocations=4823 (full 149):
 PSYoungGen      total 7680K, used 996K [0x00000000eab00000, 0x00000000eb680000, 0x0000000100000000)
  eden space 6656K, 0% used [0x00000000eab00000,0x00000000eab00000,0x00000000eb180000)
  from space 1024K, 97% used [0x00000000eb380000,0x00000000eb479230,0x00000000eb480000)
  to   space 2048K, 0% used [0x00000000eb180000,0x00000000eb180000,0x00000000eb380000)
 ParOldGen       total 181760K, used 170136K [0x00000000c0000000, 0x00000000cb180000, 0x00000000eab00000)
  object space 181760K, 93% used [0x00000000c0000000,0x00000000ca626108,0x00000000cb180000)
 Metaspace       used 103935K, committed 105344K, reserved 1179648K
  class space    used 10485K, committed 11072K, reserved 1048576K
}
Event: 2188.169 GC heap before
{Heap before GC invocations=4824 (full 149):
 PSYoungGen      total 7680K, used 7631K [0x00000000eab00000, 0x00000000eb680000, 0x0000000100000000)
  eden space 6656K, 99% used [0x00000000eab00000,0x00000000eb17aa90,0x00000000eb180000)
  from space 1024K, 97% used [0x00000000eb380000,0x00000000eb479230,0x00000000eb480000)
  to   space 2048K, 0% used [0x00000000eb180000,0x00000000eb180000,0x00000000eb380000)
 ParOldGen       total 181760K, used 170136K [0x00000000c0000000, 0x00000000cb180000, 0x00000000eab00000)
  object space 181760K, 93% used [0x00000000c0000000,0x00000000ca626108,0x00000000cb180000)
 Metaspace       used 103943K, committed 105344K, reserved 1179648K
  class space    used 10487K, committed 11072K, reserved 1048576K
}
Event: 2188.170 GC heap after
{Heap after GC invocations=4824 (full 149):
 PSYoungGen      total 7680K, used 928K [0x00000000eab00000, 0x00000000eb480000, 0x0000000100000000)
  eden space 6656K, 0% used [0x00000000eab00000,0x00000000eab00000,0x00000000eb180000)
  from space 1024K, 90% used [0x00000000eb180000,0x00000000eb268020,0x00000000eb280000)
  to   space 1536K, 0% used [0x00000000eb300000,0x00000000eb300000,0x00000000eb480000)
 ParOldGen       total 181760K, used 171054K [0x00000000c0000000, 0x00000000cb180000, 0x00000000eab00000)
  object space 181760K, 94% used [0x00000000c0000000,0x00000000ca70bb48,0x00000000cb180000)
 Metaspace       used 103943K, committed 105344K, reserved 1179648K
  class space    used 10487K, committed 11072K, reserved 1048576K
}
Event: 2188.178 GC heap before
{Heap before GC invocations=4825 (full 149):
 PSYoungGen      total 7680K, used 7584K [0x00000000eab00000, 0x00000000eb480000, 0x0000000100000000)
  eden space 6656K, 100% used [0x00000000eab00000,0x00000000eb180000,0x00000000eb180000)
  from space 1024K, 90% used [0x00000000eb180000,0x00000000eb268020,0x00000000eb280000)
  to   space 1536K, 0% used [0x00000000eb300000,0x00000000eb300000,0x00000000eb480000)
 ParOldGen       total 181760K, used 171054K [0x00000000c0000000, 0x00000000cb180000, 0x00000000eab00000)
  object space 181760K, 94% used [0x00000000c0000000,0x00000000ca70bb48,0x00000000cb180000)
 Metaspace       used 103943K, committed 105344K, reserved 1179648K
  class space    used 10487K, committed 11072K, reserved 1048576K
}
Event: 2188.180 GC heap after
{Heap after GC invocations=4825 (full 149):
 PSYoungGen      total 2560K, used 1513K [0x00000000eab00000, 0x00000000ebf80000, 0x0000000100000000)
  eden space 1024K, 0% used [0x00000000eab00000,0x00000000eab00000,0x00000000eac00000)
  from space 1536K, 98% used [0x00000000eb300000,0x00000000eb47a730,0x00000000eb480000)
  to   space 7168K, 0% used [0x00000000eac00000,0x00000000eac00000,0x00000000eb300000)
 ParOldGen       total 181760K, used 175776K [0x00000000c0000000, 0x00000000cb180000, 0x00000000eab00000)
  object space 181760K, 96% used [0x00000000c0000000,0x00000000caba82f8,0x00000000cb180000)
 Metaspace       used 103943K, committed 105344K, reserved 1179648K
  class space    used 10487K, committed 11072K, reserved 1048576K
}
Event: 2188.181 GC heap before
{Heap before GC invocations=4826 (full 149):
 PSYoungGen      total 2560K, used 2537K [0x00000000eab00000, 0x00000000ebf80000, 0x0000000100000000)
  eden space 1024K, 100% used [0x00000000eab00000,0x00000000eac00000,0x00000000eac00000)
  from space 1536K, 98% used [0x00000000eb300000,0x00000000eb47a730,0x00000000eb480000)
  to   space 7168K, 0% used [0x00000000eac00000,0x00000000eac00000,0x00000000eb300000)
 ParOldGen       total 181760K, used 175776K [0x00000000c0000000, 0x00000000cb180000, 0x00000000eab00000)
  object space 181760K, 96% used [0x00000000c0000000,0x00000000caba82f8,0x00000000cb180000)
 Metaspace       used 103943K, committed 105344K, reserved 1179648K
  class space    used 10487K, committed 11072K, reserved 1048576K
}
Event: 2188.182 GC heap after
{Heap after GC invocations=4826 (full 149):
 PSYoungGen      total 2560K, used 1248K [0x00000000eab00000, 0x00000000eb380000, 0x0000000100000000)
  eden space 1024K, 0% used [0x00000000eab00000,0x00000000eab00000,0x00000000eac00000)
  from space 1536K, 81% used [0x00000000eac00000,0x00000000ead38000,0x00000000ead80000)
  to   space 3072K, 0% used [0x00000000eb080000,0x00000000eb080000,0x00000000eb380000)
 ParOldGen       total 181760K, used 177364K [0x00000000c0000000, 0x00000000cb180000, 0x00000000eab00000)
  object space 181760K, 97% used [0x00000000c0000000,0x00000000cad35328,0x00000000cb180000)
 Metaspace       used 103943K, committed 105344K, reserved 1179648K
  class space    used 10487K, committed 11072K, reserved 1048576K
}
Event: 2188.183 GC heap before
{Heap before GC invocations=4827 (full 149):
 PSYoungGen      total 2560K, used 2272K [0x00000000eab00000, 0x00000000eb380000, 0x0000000100000000)
  eden space 1024K, 100% used [0x00000000eab00000,0x00000000eac00000,0x00000000eac00000)
  from space 1536K, 81% used [0x00000000eac00000,0x00000000ead38000,0x00000000ead80000)
  to   space 3072K, 0% used [0x00000000eb080000,0x00000000eb080000,0x00000000eb380000)
 ParOldGen       total 181760K, used 177364K [0x00000000c0000000, 0x00000000cb180000, 0x00000000eab00000)
  object space 181760K, 97% used [0x00000000c0000000,0x00000000cad35328,0x00000000cb180000)
 Metaspace       used 103943K, committed 105344K, reserved 1179648K
  class space    used 10487K, committed 11072K, reserved 1048576K
}
Event: 2188.185 GC heap after
{Heap after GC invocations=4827 (full 149):
 PSYoungGen      total 3072K, used 1184K [0x00000000eab00000, 0x00000000eb200000, 0x0000000100000000)
  eden space 1536K, 0% used [0x00000000eab00000,0x00000000eab00000,0x00000000eac80000)
  from space 1536K, 77% used [0x00000000eb080000,0x00000000eb1a8000,0x00000000eb200000)
  to   space 1536K, 0% used [0x00000000eaf00000,0x00000000eaf00000,0x00000000eb080000)
 ParOldGen       total 181760K, used 178380K [0x00000000c0000000, 0x00000000cb180000, 0x00000000eab00000)
  object space 181760K, 98% used [0x00000000c0000000,0x00000000cae33328,0x00000000cb180000)
 Metaspace       used 103943K, committed 105344K, reserved 1179648K
  class space    used 10487K, committed 11072K, reserved 1048576K
}
Event: 2188.186 GC heap before
{Heap before GC invocations=4828 (full 149):
 PSYoungGen      total 3072K, used 2720K [0x00000000eab00000, 0x00000000eb200000, 0x0000000100000000)
  eden space 1536K, 100% used [0x00000000eab00000,0x00000000eac80000,0x00000000eac80000)
  from space 1536K, 77% used [0x00000000eb080000,0x00000000eb1a8000,0x00000000eb200000)
  to   space 1536K, 0% used [0x00000000eaf00000,0x00000000eaf00000,0x00000000eb080000)
 ParOldGen       total 181760K, used 178380K [0x00000000c0000000, 0x00000000cb180000, 0x00000000eab00000)
  object space 181760K, 98% used [0x00000000c0000000,0x00000000cae33328,0x00000000cb180000)
 Metaspace       used 103943K, committed 105344K, reserved 1179648K
  class space    used 10487K, committed 11072K, reserved 1048576K
}
Event: 2188.189 GC heap after
{Heap after GC invocations=4828 (full 149):
 PSYoungGen      total 3584K, used 1536K [0x00000000eab00000, 0x00000000eb300000, 0x0000000100000000)
  eden space 2048K, 0% used [0x00000000eab00000,0x00000000eab00000,0x00000000ead00000)
  from space 1536K, 100% used [0x00000000eaf00000,0x00000000eb080000,0x00000000eb080000)
  to   space 2560K, 0% used [0x00000000eb080000,0x00000000eb080000,0x00000000eb300000)
 ParOldGen       total 181760K, used 179468K [0x00000000c0000000, 0x00000000cb180000, 0x00000000eab00000)
  object space 181760K, 98% used [0x00000000c0000000,0x00000000caf43328,0x00000000cb180000)
 Metaspace       used 103943K, committed 105344K, reserved 1179648K
  class space    used 10487K, committed 11072K, reserved 1048576K
}
Event: 2188.191 GC heap before
{Heap before GC invocations=4829 (full 149):
 PSYoungGen      total 3584K, used 3584K [0x00000000eab00000, 0x00000000eb300000, 0x0000000100000000)
  eden space 2048K, 100% used [0x00000000eab00000,0x00000000ead00000,0x00000000ead00000)
  from space 1536K, 100% used [0x00000000eaf00000,0x00000000eb080000,0x00000000eb080000)
  to   space 2560K, 0% used [0x00000000eb080000,0x00000000eb080000,0x00000000eb300000)
 ParOldGen       total 181760K, used 179468K [0x00000000c0000000, 0x00000000cb180000, 0x00000000eab00000)
  object space 181760K, 98% used [0x00000000c0000000,0x00000000caf43328,0x00000000cb180000)
 Metaspace       used 103943K, committed 105344K, reserved 1179648K
  class space    used 10487K, committed 11072K, reserved 1048576K
}
Event: 2188.193 GC heap after
{Heap after GC invocations=4829 (full 149):
 PSYoungGen      total 3584K, used 948K [0x00000000eab00000, 0x00000000eb180000, 0x0000000100000000)
  eden space 2560K, 0% used [0x00000000eab00000,0x00000000eab00000,0x00000000ead80000)
  from space 1024K, 92% used [0x00000000eb080000,0x00000000eb16d200,0x00000000eb180000)
  to   space 2048K, 0% used [0x00000000ead80000,0x00000000ead80000,0x00000000eaf80000)
 ParOldGen       total 181760K, used 180980K [0x00000000c0000000, 0x00000000cb180000, 0x00000000eab00000)
  object space 181760K, 99% used [0x00000000c0000000,0x00000000cb0bd328,0x00000000cb180000)
 Metaspace       used 103943K, committed 105344K, reserved 1179648K
  class space    used 10487K, committed 11072K, reserved 1048576K
}
Event: 2188.193 GC heap before
{Heap before GC invocations=4830 (full 150):
 PSYoungGen      total 3584K, used 948K [0x00000000eab00000, 0x00000000eb180000, 0x0000000100000000)
  eden space 2560K, 0% used [0x00000000eab00000,0x00000000eab00000,0x00000000ead80000)
  from space 1024K, 92% used [0x00000000eb080000,0x00000000eb16d200,0x00000000eb180000)
  to   space 2048K, 0% used [0x00000000ead80000,0x00000000ead80000,0x00000000eaf80000)
 ParOldGen       total 181760K, used 180980K [0x00000000c0000000, 0x00000000cb180000, 0x00000000eab00000)
  object space 181760K, 99% used [0x00000000c0000000,0x00000000cb0bd328,0x00000000cb180000)
 Metaspace       used 103943K, committed 105344K, reserved 1179648K
  class space    used 10487K, committed 11072K, reserved 1048576K
}

